2016-10-27 20:19:45 [5.19.200.233][-][-][warning][yii\debug\Module::checkAccess] Access to debugger is denied due to IP address restriction. The requesting IP address is 5.19.200.233
    in /spool/www/belk/www/basic/views/layouts/main.php:75
    in /spool/www/belk/www/basic/controllers/SiteController.php:63
2016-10-27 20:19:45 [5.19.200.233][-][-][info][application] $_SERVER = [
    'USER' => 'www-data'
    'HOME' => '/var/www'
    'FCGI_ROLE' => 'RESPONDER'
    'QUERY_STRING' => ''
    'REQUEST_METHOD' => 'GET'
    'CONTENT_TYPE' => ''
    'CONTENT_LENGTH' => ''
    'SCRIPT_FILENAME' => '/www/belk/www/basic/web/index.php'
    'SCRIPT_NAME' => '/basic/web/index.php'
    'REQUEST_URI' => '/basic/web/'
    'DOCUMENT_URI' => '/basic/web/index.php'
    'DOCUMENT_ROOT' => '/www/belk/www'
    'SERVER_PROTOCOL' => 'HTTP/1.1'
    'GATEWAY_INTERFACE' => 'CGI/1.1'
    'SERVER_SOFTWARE' => 'nginx/1.4.6'
    'REMOTE_ADDR' => '5.19.200.233'
    'REMOTE_PORT' => '52271'
    'SERVER_ADDR' => '192.168.1.103'
    'SERVER_PORT' => '80'
    'SERVER_NAME' => 'belk.ljs.ru'
    'REDIRECT_STATUS' => '200'
    'HTTP_HOST' => 'belk.ljs.ru'
    'HTTP_CONNECTION' => 'keep-alive'
    'HTTP_UPGRADE_INSECURE_REQUESTS' => '1'
    'HTTP_USER_AGENT' => 'Mozilla/5.0 (Windows NT 10.0; WOW64) AppleWebKit/537.36 (KHTML, like Gecko) Chrome/53.0.2785.143 Safari/537.36'
    'HTTP_ACCEPT' => 'text/html,application/xhtml+xml,application/xml;q=0.9,image/webp,*/*;q=0.8'
    'HTTP_ACCEPT_ENCODING' => 'gzip, deflate, sdch'
    'HTTP_ACCEPT_LANGUAGE' => 'ru-RU,ru;q=0.8,en-US;q=0.6,en;q=0.4'
    'PHP_SELF' => '/basic/web/index.php'
    'REQUEST_TIME_FLOAT' => 1477599584.9901
    'REQUEST_TIME' => 1477599584
]
2016-11-01 07:34:02 [5.19.200.233][-][-][warning][yii\debug\Module::checkAccess] Access to debugger is denied due to IP address restriction. The requesting IP address is 5.19.200.233
    in /spool/www/belk/www/basic/views/layouts/main.php:75
    in /spool/www/belk/www/basic/controllers/SiteController.php:63
2016-11-01 07:33:58 [5.19.200.233][-][-][info][application] $_COOKIE = [
    '_csrf' => '4d44235b104772eef9f1362173d73eea444bf0e45a140aea847cb9850e0c3a0ca:2:{i:0;s:5:\"_csrf\";i:1;s:32:\"pLbkMN8WbQ2b1ra3WZrNudNOejINyFui\";}'
]

$_SERVER = [
    'USER' => 'www-data'
    'HOME' => '/var/www'
    'FCGI_ROLE' => 'RESPONDER'
    'QUERY_STRING' => ''
    'REQUEST_METHOD' => 'GET'
    'CONTENT_TYPE' => ''
    'CONTENT_LENGTH' => ''
    'SCRIPT_FILENAME' => '/www/belk/www/basic/web/index.php'
    'SCRIPT_NAME' => '/basic/web/index.php'
    'REQUEST_URI' => '/basic/web/'
    'DOCUMENT_URI' => '/basic/web/index.php'
    'DOCUMENT_ROOT' => '/www/belk/www'
    'SERVER_PROTOCOL' => 'HTTP/1.1'
    'GATEWAY_INTERFACE' => 'CGI/1.1'
    'SERVER_SOFTWARE' => 'nginx/1.4.6'
    'REMOTE_ADDR' => '5.19.200.233'
    'REMOTE_PORT' => '52342'
    'SERVER_ADDR' => '192.168.1.103'
    'SERVER_PORT' => '80'
    'SERVER_NAME' => 'belk.ljs.ru'
    'REDIRECT_STATUS' => '200'
    'HTTP_HOST' => 'belk.ljs.ru'
    'HTTP_CONNECTION' => 'keep-alive'
    'HTTP_UPGRADE_INSECURE_REQUESTS' => '1'
    'HTTP_USER_AGENT' => 'Mozilla/5.0 (Windows NT 10.0; WOW64) AppleWebKit/537.36 (KHTML, like Gecko) Chrome/53.0.2785.143 Safari/537.36'
    'HTTP_ACCEPT' => 'text/html,application/xhtml+xml,application/xml;q=0.9,image/webp,*/*;q=0.8'
    'HTTP_ACCEPT_ENCODING' => 'gzip, deflate, sdch'
    'HTTP_ACCEPT_LANGUAGE' => 'ru-RU,ru;q=0.8,en-US;q=0.6,en;q=0.4'
    'HTTP_COOKIE' => '_csrf=4d44235b104772eef9f1362173d73eea444bf0e45a140aea847cb9850e0c3a0ca%3A2%3A%7Bi%3A0%3Bs%3A5%3A%22_csrf%22%3Bi%3A1%3Bs%3A32%3A%22pLbkMN8WbQ2b1ra3WZrNudNOejINyFui%22%3B%7D'
    'PHP_SELF' => '/basic/web/index.php'
    'REQUEST_TIME_FLOAT' => 1477985638.1602
    'REQUEST_TIME' => 1477985638
]
2016-11-01 07:34:07 [5.19.200.233][-][-][warning][yii\debug\Module::checkAccess] Access to debugger is denied due to IP address restriction. The requesting IP address is 5.19.200.233
    in /spool/www/belk/www/basic/views/layouts/main.php:75
    in /spool/www/belk/www/basic/controllers/SiteController.php:63
2016-11-01 07:34:06 [5.19.200.233][-][-][info][application] $_GET = [
    'r' => 'site/index'
]

$_COOKIE = [
    '_csrf' => '4d44235b104772eef9f1362173d73eea444bf0e45a140aea847cb9850e0c3a0ca:2:{i:0;s:5:\"_csrf\";i:1;s:32:\"pLbkMN8WbQ2b1ra3WZrNudNOejINyFui\";}'
]

$_SERVER = [
    'USER' => 'www-data'
    'HOME' => '/var/www'
    'FCGI_ROLE' => 'RESPONDER'
    'QUERY_STRING' => 'r=site%2Findex'
    'REQUEST_METHOD' => 'GET'
    'CONTENT_TYPE' => ''
    'CONTENT_LENGTH' => ''
    'SCRIPT_FILENAME' => '/www/belk/www/basic/web/index.php'
    'SCRIPT_NAME' => '/basic/web/index.php'
    'REQUEST_URI' => '/basic/web/index.php?r=site%2Findex'
    'DOCUMENT_URI' => '/basic/web/index.php'
    'DOCUMENT_ROOT' => '/www/belk/www'
    'SERVER_PROTOCOL' => 'HTTP/1.1'
    'GATEWAY_INTERFACE' => 'CGI/1.1'
    'SERVER_SOFTWARE' => 'nginx/1.4.6'
    'REMOTE_ADDR' => '5.19.200.233'
    'REMOTE_PORT' => '52342'
    'SERVER_ADDR' => '192.168.1.103'
    'SERVER_PORT' => '80'
    'SERVER_NAME' => 'belk.ljs.ru'
    'REDIRECT_STATUS' => '200'
    'HTTP_HOST' => 'belk.ljs.ru'
    'HTTP_CONNECTION' => 'keep-alive'
    'HTTP_UPGRADE_INSECURE_REQUESTS' => '1'
    'HTTP_USER_AGENT' => 'Mozilla/5.0 (Windows NT 10.0; WOW64) AppleWebKit/537.36 (KHTML, like Gecko) Chrome/53.0.2785.143 Safari/537.36'
    'HTTP_ACCEPT' => 'text/html,application/xhtml+xml,application/xml;q=0.9,image/webp,*/*;q=0.8'
    'HTTP_REFERER' => 'http://belk.ljs.ru/basic/web/'
    'HTTP_ACCEPT_ENCODING' => 'gzip, deflate, sdch'
    'HTTP_ACCEPT_LANGUAGE' => 'ru-RU,ru;q=0.8,en-US;q=0.6,en;q=0.4'
    'HTTP_COOKIE' => '_csrf=4d44235b104772eef9f1362173d73eea444bf0e45a140aea847cb9850e0c3a0ca%3A2%3A%7Bi%3A0%3Bs%3A5%3A%22_csrf%22%3Bi%3A1%3Bs%3A32%3A%22pLbkMN8WbQ2b1ra3WZrNudNOejINyFui%22%3B%7D'
    'PHP_SELF' => '/basic/web/index.php'
    'REQUEST_TIME_FLOAT' => 1477985646.6629
    'REQUEST_TIME' => 1477985646
]
2016-11-01 07:34:09 [5.19.200.233][-][-][warning][yii\debug\Module::checkAccess] Access to debugger is denied due to IP address restriction. The requesting IP address is 5.19.200.233
    in /spool/www/belk/www/basic/views/layouts/main.php:75
    in /spool/www/belk/www/basic/controllers/SiteController.php:83
2016-11-01 07:34:09 [5.19.200.233][-][-][info][application] $_GET = [
    'r' => 'site/login'
]

$_COOKIE = [
    '_csrf' => '4d44235b104772eef9f1362173d73eea444bf0e45a140aea847cb9850e0c3a0ca:2:{i:0;s:5:\"_csrf\";i:1;s:32:\"pLbkMN8WbQ2b1ra3WZrNudNOejINyFui\";}'
]

$_SERVER = [
    'USER' => 'www-data'
    'HOME' => '/var/www'
    'FCGI_ROLE' => 'RESPONDER'
    'QUERY_STRING' => 'r=site%2Flogin'
    'REQUEST_METHOD' => 'GET'
    'CONTENT_TYPE' => ''
    'CONTENT_LENGTH' => ''
    'SCRIPT_FILENAME' => '/www/belk/www/basic/web/index.php'
    'SCRIPT_NAME' => '/basic/web/index.php'
    'REQUEST_URI' => '/basic/web/index.php?r=site%2Flogin'
    'DOCUMENT_URI' => '/basic/web/index.php'
    'DOCUMENT_ROOT' => '/www/belk/www'
    'SERVER_PROTOCOL' => 'HTTP/1.1'
    'GATEWAY_INTERFACE' => 'CGI/1.1'
    'SERVER_SOFTWARE' => 'nginx/1.4.6'
    'REMOTE_ADDR' => '5.19.200.233'
    'REMOTE_PORT' => '52342'
    'SERVER_ADDR' => '192.168.1.103'
    'SERVER_PORT' => '80'
    'SERVER_NAME' => 'belk.ljs.ru'
    'REDIRECT_STATUS' => '200'
    'HTTP_HOST' => 'belk.ljs.ru'
    'HTTP_CONNECTION' => 'keep-alive'
    'HTTP_UPGRADE_INSECURE_REQUESTS' => '1'
    'HTTP_USER_AGENT' => 'Mozilla/5.0 (Windows NT 10.0; WOW64) AppleWebKit/537.36 (KHTML, like Gecko) Chrome/53.0.2785.143 Safari/537.36'
    'HTTP_ACCEPT' => 'text/html,application/xhtml+xml,application/xml;q=0.9,image/webp,*/*;q=0.8'
    'HTTP_REFERER' => 'http://belk.ljs.ru/basic/web/index.php?r=site%2Findex'
    'HTTP_ACCEPT_ENCODING' => 'gzip, deflate, sdch'
    'HTTP_ACCEPT_LANGUAGE' => 'ru-RU,ru;q=0.8,en-US;q=0.6,en;q=0.4'
    'HTTP_COOKIE' => '_csrf=4d44235b104772eef9f1362173d73eea444bf0e45a140aea847cb9850e0c3a0ca%3A2%3A%7Bi%3A0%3Bs%3A5%3A%22_csrf%22%3Bi%3A1%3Bs%3A32%3A%22pLbkMN8WbQ2b1ra3WZrNudNOejINyFui%22%3B%7D'
    'PHP_SELF' => '/basic/web/index.php'
    'REQUEST_TIME_FLOAT' => 1477985649.0698
    'REQUEST_TIME' => 1477985649
]
2016-11-03 17:58:08 [5.19.200.233][-][-][warning][yii\debug\Module::checkAccess] Access to debugger is denied due to IP address restriction. The requesting IP address is 5.19.200.233
    in /spool/www/belk/www/basic/views/layouts/main.php:75
    in /spool/www/belk/www/basic/controllers/SiteController.php:83
2016-11-03 17:58:08 [5.19.200.233][-][-][info][application] $_GET = [
    'r' => 'site/login'
]

$_SERVER = [
    'USER' => 'www-data'
    'HOME' => '/var/www'
    'FCGI_ROLE' => 'RESPONDER'
    'QUERY_STRING' => 'r=site%2Flogin'
    'REQUEST_METHOD' => 'GET'
    'CONTENT_TYPE' => ''
    'CONTENT_LENGTH' => ''
    'SCRIPT_FILENAME' => '/www/belk/www/basic/web/index.php'
    'SCRIPT_NAME' => '/basic/web/index.php'
    'REQUEST_URI' => '/basic/web/index.php?r=site%2Flogin'
    'DOCUMENT_URI' => '/basic/web/index.php'
    'DOCUMENT_ROOT' => '/www/belk/www'
    'SERVER_PROTOCOL' => 'HTTP/1.1'
    'GATEWAY_INTERFACE' => 'CGI/1.1'
    'SERVER_SOFTWARE' => 'nginx/1.4.6'
    'REMOTE_ADDR' => '5.19.200.233'
    'REMOTE_PORT' => '50086'
    'SERVER_ADDR' => '192.168.1.103'
    'SERVER_PORT' => '80'
    'SERVER_NAME' => 'belk.ljs.ru'
    'REDIRECT_STATUS' => '200'
    'HTTP_HOST' => 'belk.ljs.ru'
    'HTTP_CONNECTION' => 'keep-alive'
    'HTTP_UPGRADE_INSECURE_REQUESTS' => '1'
    'HTTP_USER_AGENT' => 'Mozilla/5.0 (Windows NT 10.0; WOW64) AppleWebKit/537.36 (KHTML, like Gecko) Chrome/54.0.2840.71 Safari/537.36'
    'HTTP_ACCEPT' => 'text/html,application/xhtml+xml,application/xml;q=0.9,image/webp,*/*;q=0.8'
    'HTTP_REFERER' => 'http://belk.ljs.ru/basic/web/index.php?r=site%2Findex'
    'HTTP_ACCEPT_ENCODING' => 'gzip, deflate, sdch'
    'HTTP_ACCEPT_LANGUAGE' => 'ru-RU,ru;q=0.8,en-US;q=0.6,en;q=0.4'
    'PHP_SELF' => '/basic/web/index.php'
    'REQUEST_TIME_FLOAT' => 1478195888.1299
    'REQUEST_TIME' => 1478195888
]
2016-11-03 17:58:12 [5.19.200.233][-][-][warning][yii\debug\Module::checkAccess] Access to debugger is denied due to IP address restriction. The requesting IP address is 5.19.200.233
    in /spool/www/belk/www/basic/views/layouts/main.php:75
    in /spool/www/belk/www/basic/controllers/SiteController.php:63
2016-11-03 17:58:12 [5.19.200.233][-][-][info][application] $_COOKIE = [
    '_csrf' => 'f0b944a77c8cf9f65bbe257cb6c5bf46c788349dfc8b8c7ce34f401d061d7998a:2:{i:0;s:5:\"_csrf\";i:1;s:32:\"CYEkgRjmCg54PvwMn-qfIJfmjXtvfwX7\";}'
]

$_SERVER = [
    'USER' => 'www-data'
    'HOME' => '/var/www'
    'FCGI_ROLE' => 'RESPONDER'
    'QUERY_STRING' => ''
    'REQUEST_METHOD' => 'GET'
    'CONTENT_TYPE' => ''
    'CONTENT_LENGTH' => ''
    'SCRIPT_FILENAME' => '/www/belk/www/basic/web/index.php'
    'SCRIPT_NAME' => '/basic/web/index.php'
    'REQUEST_URI' => '/basic/web/'
    'DOCUMENT_URI' => '/basic/web/index.php'
    'DOCUMENT_ROOT' => '/www/belk/www'
    'SERVER_PROTOCOL' => 'HTTP/1.1'
    'GATEWAY_INTERFACE' => 'CGI/1.1'
    'SERVER_SOFTWARE' => 'nginx/1.4.6'
    'REMOTE_ADDR' => '5.19.200.233'
    'REMOTE_PORT' => '50087'
    'SERVER_ADDR' => '192.168.1.103'
    'SERVER_PORT' => '80'
    'SERVER_NAME' => 'belk.ljs.ru'
    'REDIRECT_STATUS' => '200'
    'HTTP_HOST' => 'belk.ljs.ru'
    'HTTP_CONNECTION' => 'keep-alive'
    'HTTP_UPGRADE_INSECURE_REQUESTS' => '1'
    'HTTP_USER_AGENT' => 'Mozilla/5.0 (Windows NT 10.0; WOW64) AppleWebKit/537.36 (KHTML, like Gecko) Chrome/54.0.2840.71 Safari/537.36'
    'HTTP_ACCEPT' => 'text/html,application/xhtml+xml,application/xml;q=0.9,image/webp,*/*;q=0.8'
    'HTTP_ACCEPT_ENCODING' => 'gzip, deflate, sdch'
    'HTTP_ACCEPT_LANGUAGE' => 'ru-RU,ru;q=0.8,en-US;q=0.6,en;q=0.4'
    'HTTP_COOKIE' => '_csrf=f0b944a77c8cf9f65bbe257cb6c5bf46c788349dfc8b8c7ce34f401d061d7998a%3A2%3A%7Bi%3A0%3Bs%3A5%3A%22_csrf%22%3Bi%3A1%3Bs%3A32%3A%22CYEkgRjmCg54PvwMn-qfIJfmjXtvfwX7%22%3B%7D'
    'PHP_SELF' => '/basic/web/index.php'
    'REQUEST_TIME_FLOAT' => 1478195892.7865
    'REQUEST_TIME' => 1478195892
]
2016-11-07 21:49:22 [5.19.200.233][-][-][warning][yii\debug\Module::checkAccess] Access to debugger is denied due to IP address restriction. The requesting IP address is 5.19.200.233
    in /spool/www/belk/www/basic/views/layouts/main.php:75
    in /spool/www/belk/www/basic/controllers/SiteController.php:83
2016-11-07 21:49:20 [5.19.200.233][-][-][info][application] $_GET = [
    'r' => 'site/login'
]

$_SERVER = [
    'USER' => 'www-data'
    'HOME' => '/var/www'
    'FCGI_ROLE' => 'RESPONDER'
    'QUERY_STRING' => 'r=site%2Flogin'
    'REQUEST_METHOD' => 'GET'
    'CONTENT_TYPE' => ''
    'CONTENT_LENGTH' => ''
    'SCRIPT_FILENAME' => '/www/belk/www/basic/web/index.php'
    'SCRIPT_NAME' => '/basic/web/index.php'
    'REQUEST_URI' => '/basic/web/index.php?r=site%2Flogin'
    'DOCUMENT_URI' => '/basic/web/index.php'
    'DOCUMENT_ROOT' => '/www/belk/www'
    'SERVER_PROTOCOL' => 'HTTP/1.1'
    'GATEWAY_INTERFACE' => 'CGI/1.1'
    'SERVER_SOFTWARE' => 'nginx/1.4.6'
    'REMOTE_ADDR' => '5.19.200.233'
    'REMOTE_PORT' => '56307'
    'SERVER_ADDR' => '192.168.1.103'
    'SERVER_PORT' => '80'
    'SERVER_NAME' => 'belk.ljs.ru'
    'REDIRECT_STATUS' => '200'
    'HTTP_HOST' => 'belk.ljs.ru'
    'HTTP_CONNECTION' => 'keep-alive'
    'HTTP_UPGRADE_INSECURE_REQUESTS' => '1'
    'HTTP_USER_AGENT' => 'Mozilla/5.0 (Windows NT 10.0; WOW64) AppleWebKit/537.36 (KHTML, like Gecko) Chrome/54.0.2840.71 Safari/537.36'
    'HTTP_ACCEPT' => 'text/html,application/xhtml+xml,application/xml;q=0.9,image/webp,*/*;q=0.8'
    'HTTP_REFERER' => 'http://belk.ljs.ru/basic/web/'
    'HTTP_ACCEPT_ENCODING' => 'gzip, deflate, sdch'
    'HTTP_ACCEPT_LANGUAGE' => 'ru-RU,ru;q=0.8,en-US;q=0.6,en;q=0.4'
    'PHP_SELF' => '/basic/web/index.php'
    'REQUEST_TIME_FLOAT' => 1478555360.4052
    'REQUEST_TIME' => 1478555360
]
2016-11-07 21:49:23 [5.19.200.233][-][-][warning][yii\debug\Module::checkAccess] Access to debugger is denied due to IP address restriction. The requesting IP address is 5.19.200.233
    in /spool/www/belk/www/basic/views/layouts/main.php:75
    in /spool/www/belk/www/basic/controllers/SiteController.php:83
2016-11-07 21:49:22 [5.19.200.233][-][-][info][application] $_GET = [
    'r' => 'site/login'
]

$_SERVER = [
    'USER' => 'www-data'
    'HOME' => '/var/www'
    'FCGI_ROLE' => 'RESPONDER'
    'QUERY_STRING' => 'r=site%2Flogin'
    'REQUEST_METHOD' => 'GET'
    'CONTENT_TYPE' => ''
    'CONTENT_LENGTH' => ''
    'SCRIPT_FILENAME' => '/www/belk/www/basic/web/index.php'
    'SCRIPT_NAME' => '/basic/web/index.php'
    'REQUEST_URI' => '/basic/web/index.php?r=site%2Flogin'
    'DOCUMENT_URI' => '/basic/web/index.php'
    'DOCUMENT_ROOT' => '/www/belk/www'
    'SERVER_PROTOCOL' => 'HTTP/1.1'
    'GATEWAY_INTERFACE' => 'CGI/1.1'
    'SERVER_SOFTWARE' => 'nginx/1.4.6'
    'REMOTE_ADDR' => '5.19.200.233'
    'REMOTE_PORT' => '56308'
    'SERVER_ADDR' => '192.168.1.103'
    'SERVER_PORT' => '80'
    'SERVER_NAME' => 'belk.ljs.ru'
    'REDIRECT_STATUS' => '200'
    'HTTP_HOST' => 'belk.ljs.ru'
    'HTTP_CONNECTION' => 'keep-alive'
    'HTTP_UPGRADE_INSECURE_REQUESTS' => '1'
    'HTTP_USER_AGENT' => 'Mozilla/5.0 (Windows NT 10.0; WOW64) AppleWebKit/537.36 (KHTML, like Gecko) Chrome/54.0.2840.71 Safari/537.36'
    'HTTP_ACCEPT' => 'text/html,application/xhtml+xml,application/xml;q=0.9,image/webp,*/*;q=0.8'
    'HTTP_REFERER' => 'http://belk.ljs.ru/basic/web/'
    'HTTP_ACCEPT_ENCODING' => 'gzip, deflate, sdch'
    'HTTP_ACCEPT_LANGUAGE' => 'ru-RU,ru;q=0.8,en-US;q=0.6,en;q=0.4'
    'PHP_SELF' => '/basic/web/index.php'
    'REQUEST_TIME_FLOAT' => 1478555362.8421
    'REQUEST_TIME' => 1478555362
]
2016-11-07 21:49:36 [5.19.200.233][-][-][error][yii\db\Exception] exception 'PDOException' with message 'SQLSTATE[42S02]: Base table or view not found: 1146 Table 'belk.prm_user' doesn't exist' in /spool/www/belk/www/basic/vendor/yiisoft/yii2/db/Command.php:900
Stack trace:
#0 /spool/www/belk/www/basic/vendor/yiisoft/yii2/db/Command.php(900): PDOStatement->execute()
#1 /spool/www/belk/www/basic/vendor/yiisoft/yii2/db/Command.php(376): yii\db\Command->queryInternal('<span class="st...', '<span class="ke...')
#2 /spool/www/belk/www/basic/vendor/yiisoft/yii2/db/Query.php(247): yii\db\Command->queryOne()
#3 /spool/www/belk/www/basic/vendor/yiisoft/yii2/db/ActiveQuery.php(295): yii\db\Query->one('<span class="ke...')
#4 /spool/www/belk/www/basic/vendor/yiisoft/yii2/db/BaseActiveRecord.php(107): yii\db\ActiveQuery->one()
#5 /spool/www/belk/www/basic/models/User.php(106): yii\db\BaseActiveRecord::findOne('[<span class="s...')
#6 /spool/www/belk/www/basic/models/LoginForm.php(76): app\models\User::findByUsername('<span class="st...')
#7 /spool/www/belk/www/basic/models/LoginForm.php(48): app\models\LoginForm->getUser()
#8 [internal function]: app\models\LoginForm->validatePassword('<span class="st...', '<span class="ke...')
#9 /spool/www/belk/www/basic/vendor/yiisoft/yii2/validators/InlineValidator.php(69): call_user_func('[<span class="t...', '<span class="st...', '<span class="ke...')
#10 /spool/www/belk/www/basic/vendor/yiisoft/yii2/validators/Validator.php(265): yii\validators\InlineValidator->validateAttribute(Object(app\models\LoginForm), '<span class="st...')
#11 /spool/www/belk/www/basic/vendor/yiisoft/yii2/base/Model.php(356): yii\validators\Validator->validateAttributes(Object(app\models\LoginForm), '[<span class="s...')
#12 /spool/www/belk/www/basic/models/LoginForm.php(62): yii\base\Model->validate()
#13 /spool/www/belk/www/basic/controllers/SiteController.php(78): app\models\LoginForm->login()
#14 [internal function]: app\controllers\SiteController->actionLogin()
#15 /spool/www/belk/www/basic/vendor/yiisoft/yii2/base/InlineAction.php(55): call_user_func_array('[<span class="t...', '[]')
#16 /spool/www/belk/www/basic/vendor/yiisoft/yii2/base/Controller.php(154): yii\base\InlineAction->runWithParams('[<span class="s...')
#17 /spool/www/belk/www/basic/vendor/yiisoft/yii2/base/Module.php(454): yii\base\Controller->runAction('<span class="st...', '[<span class="s...')
#18 /spool/www/belk/www/basic/vendor/yiisoft/yii2/web/Application.php(100): yii\base\Module->runAction('<span class="st...', '[<span class="s...')
#19 /spool/www/belk/www/basic/vendor/yiisoft/yii2/base/Application.php(375): yii\web\Application->handleRequest(Object(yii\web\Request))
#20 /spool/www/belk/www/basic/web/index.php(12): yii\base\Application->run()
#21 {main}

Next exception 'yii\db\Exception' with message 'SQLSTATE[42S02]: Base table or view not found: 1146 Table 'belk.prm_user' doesn't exist
The SQL being executed was: SELECT * FROM `prm_user` WHERE `username`='belkmv'' in /spool/www/belk/www/basic/vendor/yiisoft/yii2/db/Schema.php:631
Stack trace:
#0 /spool/www/belk/www/basic/vendor/yiisoft/yii2/db/Command.php(915): yii\db\Schema->convertException(Object(PDOException), 'SELECT * FROM `...')
#1 /spool/www/belk/www/basic/vendor/yiisoft/yii2/db/Command.php(376): yii\db\Command->queryInternal('<span class="st...', '<span class="ke...')
#2 /spool/www/belk/www/basic/vendor/yiisoft/yii2/db/Query.php(247): yii\db\Command->queryOne()
#3 /spool/www/belk/www/basic/vendor/yiisoft/yii2/db/ActiveQuery.php(295): yii\db\Query->one('<span class="ke...')
#4 /spool/www/belk/www/basic/vendor/yiisoft/yii2/db/BaseActiveRecord.php(107): yii\db\ActiveQuery->one()
#5 /spool/www/belk/www/basic/models/User.php(106): yii\db\BaseActiveRecord::findOne('[<span class="s...')
#6 /spool/www/belk/www/basic/models/LoginForm.php(76): app\models\User::findByUsername('<span class="st...')
#7 /spool/www/belk/www/basic/models/LoginForm.php(48): app\models\LoginForm->getUser()
#8 [internal function]: app\models\LoginForm->validatePassword('<span class="st...', '<span class="ke...')
#9 /spool/www/belk/www/basic/vendor/yiisoft/yii2/validators/InlineValidator.php(69): call_user_func('[<span class="t...', '<span class="st...', '<span class="ke...')
#10 /spool/www/belk/www/basic/vendor/yiisoft/yii2/validators/Validator.php(265): yii\validators\InlineValidator->validateAttribute(Object(app\models\LoginForm), '<span class="st...')
#11 /spool/www/belk/www/basic/vendor/yiisoft/yii2/base/Model.php(356): yii\validators\Validator->validateAttributes(Object(app\models\LoginForm), '[<span class="s...')
#12 /spool/www/belk/www/basic/models/LoginForm.php(62): yii\base\Model->validate()
#13 /spool/www/belk/www/basic/controllers/SiteController.php(78): app\models\LoginForm->login()
#14 [internal function]: app\controllers\SiteController->actionLogin()
#15 /spool/www/belk/www/basic/vendor/yiisoft/yii2/base/InlineAction.php(55): call_user_func_array('[<span class="t...', '[]')
#16 /spool/www/belk/www/basic/vendor/yiisoft/yii2/base/Controller.php(154): yii\base\InlineAction->runWithParams('[<span class="s...')
#17 /spool/www/belk/www/basic/vendor/yiisoft/yii2/base/Module.php(454): yii\base\Controller->runAction('<span class="st...', '[<span class="s...')
#18 /spool/www/belk/www/basic/vendor/yiisoft/yii2/web/Application.php(100): yii\base\Module->runAction('<span class="st...', '[<span class="s...')
#19 /spool/www/belk/www/basic/vendor/yiisoft/yii2/base/Application.php(375): yii\web\Application->handleRequest(Object(yii\web\Request))
#20 /spool/www/belk/www/basic/web/index.php(12): yii\base\Application->run()
#21 {main}
Additional Information:
Array
(
    [0] => 42S02
    [1] => 1146
    [2] => Table 'belk.prm_user' doesn't exist
)

2016-11-07 21:49:36 [5.19.200.233][-][-][warning][yii\debug\Module::checkAccess] Access to debugger is denied due to IP address restriction. The requesting IP address is 5.19.200.233
2016-11-07 21:49:35 [5.19.200.233][-][-][info][application] $_GET = [
    'r' => 'site/login'
]

$_POST = [
    '_csrf' => 'LkhaN0s4VnQefS8aDBUxBXt9OV99Wjo5awMWeA16OAxJehFQeFoUPg=='
    'LoginForm' => [
        'username' => 'belkmv'
        'password' => 'tyusha98A'
        'rememberMe' => '1'
    ]
    'login-button' => ''
]

$_COOKIE = [
    '_csrf' => '130d0b75624043a71416c6a4d6d2e52265a6a0c4507aecbb6ec89c7972873235a:2:{i:0;s:5:\"_csrf\";i:1;s:32:\"05u-G-gqU5ch6blMEKLOFBnxg2Kg3bBJ\";}'
]

$_SERVER = [
    'USER' => 'www-data'
    'HOME' => '/var/www'
    'FCGI_ROLE' => 'RESPONDER'
    'QUERY_STRING' => 'r=site%2Flogin'
    'REQUEST_METHOD' => 'POST'
    'CONTENT_TYPE' => 'application/x-www-form-urlencoded'
    'CONTENT_LENGTH' => '215'
    'SCRIPT_FILENAME' => '/www/belk/www/basic/web/index.php'
    'SCRIPT_NAME' => '/basic/web/index.php'
    'REQUEST_URI' => '/basic/web/index.php?r=site%2Flogin'
    'DOCUMENT_URI' => '/basic/web/index.php'
    'DOCUMENT_ROOT' => '/www/belk/www'
    'SERVER_PROTOCOL' => 'HTTP/1.1'
    'GATEWAY_INTERFACE' => 'CGI/1.1'
    'SERVER_SOFTWARE' => 'nginx/1.4.6'
    'REMOTE_ADDR' => '5.19.200.233'
    'REMOTE_PORT' => '56308'
    'SERVER_ADDR' => '192.168.1.103'
    'SERVER_PORT' => '80'
    'SERVER_NAME' => 'belk.ljs.ru'
    'REDIRECT_STATUS' => '200'
    'HTTP_HOST' => 'belk.ljs.ru'
    'HTTP_CONNECTION' => 'keep-alive'
    'HTTP_CONTENT_LENGTH' => '215'
    'HTTP_CACHE_CONTROL' => 'max-age=0'
    'HTTP_ORIGIN' => 'http://belk.ljs.ru'
    'HTTP_UPGRADE_INSECURE_REQUESTS' => '1'
    'HTTP_USER_AGENT' => 'Mozilla/5.0 (Windows NT 10.0; WOW64) AppleWebKit/537.36 (KHTML, like Gecko) Chrome/54.0.2840.71 Safari/537.36'
    'HTTP_CONTENT_TYPE' => 'application/x-www-form-urlencoded'
    'HTTP_ACCEPT' => 'text/html,application/xhtml+xml,application/xml;q=0.9,image/webp,*/*;q=0.8'
    'HTTP_REFERER' => 'http://belk.ljs.ru/basic/web/index.php?r=site%2Flogin'
    'HTTP_ACCEPT_ENCODING' => 'gzip, deflate'
    'HTTP_ACCEPT_LANGUAGE' => 'ru-RU,ru;q=0.8,en-US;q=0.6,en;q=0.4'
    'HTTP_COOKIE' => '_csrf=130d0b75624043a71416c6a4d6d2e52265a6a0c4507aecbb6ec89c7972873235a%3A2%3A%7Bi%3A0%3Bs%3A5%3A%22_csrf%22%3Bi%3A1%3Bs%3A32%3A%2205u-G-gqU5ch6blMEKLOFBnxg2Kg3bBJ%22%3B%7D'
    'PHP_SELF' => '/basic/web/index.php'
    'REQUEST_TIME_FLOAT' => 1478555375.5831
    'REQUEST_TIME' => 1478555375
]
2016-11-07 21:50:31 [5.19.200.233][-][-][warning][yii\debug\Module::checkAccess] Access to debugger is denied due to IP address restriction. The requesting IP address is 5.19.200.233
    in /spool/www/belk/www/basic/views/layouts/main.php:75
    in /spool/www/belk/www/basic/controllers/SiteController.php:83
2016-11-07 21:50:30 [5.19.200.233][-][-][info][application] $_GET = [
    'r' => 'site/login'
]

$_POST = [
    '_csrf' => 'LkhaN0s4VnQefS8aDBUxBXt9OV99Wjo5awMWeA16OAxJehFQeFoUPg=='
    'LoginForm' => [
        'username' => 'belkmv'
        'password' => 'tyusha98A'
        'rememberMe' => '1'
    ]
    'login-button' => ''
]

$_COOKIE = [
    '_csrf' => '130d0b75624043a71416c6a4d6d2e52265a6a0c4507aecbb6ec89c7972873235a:2:{i:0;s:5:\"_csrf\";i:1;s:32:\"05u-G-gqU5ch6blMEKLOFBnxg2Kg3bBJ\";}'
]

$_SERVER = [
    'USER' => 'www-data'
    'HOME' => '/var/www'
    'FCGI_ROLE' => 'RESPONDER'
    'QUERY_STRING' => 'r=site%2Flogin'
    'REQUEST_METHOD' => 'POST'
    'CONTENT_TYPE' => 'application/x-www-form-urlencoded'
    'CONTENT_LENGTH' => '215'
    'SCRIPT_FILENAME' => '/www/belk/www/basic/web/index.php'
    'SCRIPT_NAME' => '/basic/web/index.php'
    'REQUEST_URI' => '/basic/web/index.php?r=site%2Flogin'
    'DOCUMENT_URI' => '/basic/web/index.php'
    'DOCUMENT_ROOT' => '/www/belk/www'
    'SERVER_PROTOCOL' => 'HTTP/1.1'
    'GATEWAY_INTERFACE' => 'CGI/1.1'
    'SERVER_SOFTWARE' => 'nginx/1.4.6'
    'REMOTE_ADDR' => '5.19.200.233'
    'REMOTE_PORT' => '56308'
    'SERVER_ADDR' => '192.168.1.103'
    'SERVER_PORT' => '80'
    'SERVER_NAME' => 'belk.ljs.ru'
    'REDIRECT_STATUS' => '200'
    'HTTP_HOST' => 'belk.ljs.ru'
    'HTTP_CONNECTION' => 'keep-alive'
    'HTTP_CONTENT_LENGTH' => '215'
    'HTTP_CACHE_CONTROL' => 'max-age=0'
    'HTTP_ORIGIN' => 'http://belk.ljs.ru'
    'HTTP_UPGRADE_INSECURE_REQUESTS' => '1'
    'HTTP_USER_AGENT' => 'Mozilla/5.0 (Windows NT 10.0; WOW64) AppleWebKit/537.36 (KHTML, like Gecko) Chrome/54.0.2840.71 Safari/537.36'
    'HTTP_CONTENT_TYPE' => 'application/x-www-form-urlencoded'
    'HTTP_ACCEPT' => 'text/html,application/xhtml+xml,application/xml;q=0.9,image/webp,*/*;q=0.8'
    'HTTP_REFERER' => 'http://belk.ljs.ru/basic/web/index.php?r=site%2Flogin'
    'HTTP_ACCEPT_ENCODING' => 'gzip, deflate'
    'HTTP_ACCEPT_LANGUAGE' => 'ru-RU,ru;q=0.8,en-US;q=0.6,en;q=0.4'
    'HTTP_COOKIE' => '_csrf=130d0b75624043a71416c6a4d6d2e52265a6a0c4507aecbb6ec89c7972873235a%3A2%3A%7Bi%3A0%3Bs%3A5%3A%22_csrf%22%3Bi%3A1%3Bs%3A32%3A%2205u-G-gqU5ch6blMEKLOFBnxg2Kg3bBJ%22%3B%7D'
    'PHP_SELF' => '/basic/web/index.php'
    'REQUEST_TIME_FLOAT' => 1478555430.8579
    'REQUEST_TIME' => 1478555430
]
2016-11-07 21:50:37 [5.19.200.233][-][-][warning][yii\debug\Module::checkAccess] Access to debugger is denied due to IP address restriction. The requesting IP address is 5.19.200.233
    in /spool/www/belk/www/basic/views/layouts/main.php:75
    in /spool/www/belk/www/basic/controllers/SiteController.php:83
2016-11-07 21:50:37 [5.19.200.233][-][-][info][application] $_GET = [
    'r' => 'site/login'
]

$_POST = [
    '_csrf' => 'MHFESk1ZWEoARDFnCnQ/O2VEJyJ7OzQHdToIBQsbNjJXQw8tfjsaAA=='
    'LoginForm' => [
        'username' => 'belkmv'
        'password' => 'tyusha98A'
        'rememberMe' => '1'
    ]
    'login-button' => ''
]

$_COOKIE = [
    '_csrf' => '130d0b75624043a71416c6a4d6d2e52265a6a0c4507aecbb6ec89c7972873235a:2:{i:0;s:5:\"_csrf\";i:1;s:32:\"05u-G-gqU5ch6blMEKLOFBnxg2Kg3bBJ\";}'
]

$_SERVER = [
    'USER' => 'www-data'
    'HOME' => '/var/www'
    'FCGI_ROLE' => 'RESPONDER'
    'QUERY_STRING' => 'r=site%2Flogin'
    'REQUEST_METHOD' => 'POST'
    'CONTENT_TYPE' => 'application/x-www-form-urlencoded'
    'CONTENT_LENGTH' => '217'
    'SCRIPT_FILENAME' => '/www/belk/www/basic/web/index.php'
    'SCRIPT_NAME' => '/basic/web/index.php'
    'REQUEST_URI' => '/basic/web/index.php?r=site%2Flogin'
    'DOCUMENT_URI' => '/basic/web/index.php'
    'DOCUMENT_ROOT' => '/www/belk/www'
    'SERVER_PROTOCOL' => 'HTTP/1.1'
    'GATEWAY_INTERFACE' => 'CGI/1.1'
    'SERVER_SOFTWARE' => 'nginx/1.4.6'
    'REMOTE_ADDR' => '5.19.200.233'
    'REMOTE_PORT' => '56308'
    'SERVER_ADDR' => '192.168.1.103'
    'SERVER_PORT' => '80'
    'SERVER_NAME' => 'belk.ljs.ru'
    'REDIRECT_STATUS' => '200'
    'HTTP_HOST' => 'belk.ljs.ru'
    'HTTP_CONNECTION' => 'keep-alive'
    'HTTP_CONTENT_LENGTH' => '217'
    'HTTP_CACHE_CONTROL' => 'max-age=0'
    'HTTP_ORIGIN' => 'http://belk.ljs.ru'
    'HTTP_UPGRADE_INSECURE_REQUESTS' => '1'
    'HTTP_USER_AGENT' => 'Mozilla/5.0 (Windows NT 10.0; WOW64) AppleWebKit/537.36 (KHTML, like Gecko) Chrome/54.0.2840.71 Safari/537.36'
    'HTTP_CONTENT_TYPE' => 'application/x-www-form-urlencoded'
    'HTTP_ACCEPT' => 'text/html,application/xhtml+xml,application/xml;q=0.9,image/webp,*/*;q=0.8'
    'HTTP_REFERER' => 'http://belk.ljs.ru/basic/web/index.php?r=site%2Flogin'
    'HTTP_ACCEPT_ENCODING' => 'gzip, deflate'
    'HTTP_ACCEPT_LANGUAGE' => 'ru-RU,ru;q=0.8,en-US;q=0.6,en;q=0.4'
    'HTTP_COOKIE' => '_csrf=130d0b75624043a71416c6a4d6d2e52265a6a0c4507aecbb6ec89c7972873235a%3A2%3A%7Bi%3A0%3Bs%3A5%3A%22_csrf%22%3Bi%3A1%3Bs%3A32%3A%2205u-G-gqU5ch6blMEKLOFBnxg2Kg3bBJ%22%3B%7D'
    'PHP_SELF' => '/basic/web/index.php'
    'REQUEST_TIME_FLOAT' => 1478555437.0908
    'REQUEST_TIME' => 1478555437
]
2016-11-07 21:50:56 [5.19.200.233][-][-][warning][yii\debug\Module::checkAccess] Access to debugger is denied due to IP address restriction. The requesting IP address is 5.19.200.233
    in /spool/www/belk/www/basic/views/layouts/main.php:75
    in /spool/www/belk/www/basic/controllers/SiteController.php:83
2016-11-07 21:50:56 [5.19.200.233][-][-][info][application] $_GET = [
    'r' => 'site/login'
]

$_POST = [
    '_csrf' => 'eFl3SEY4VkJIbAJlARUxMy1sFCBwWjoPPRI7BwB6ODofazwvdVoUCA=='
    'LoginForm' => [
        'username' => 'demo'
        'password' => 'demo'
        'rememberMe' => '1'
    ]
    'login-button' => ''
]

$_COOKIE = [
    '_csrf' => '130d0b75624043a71416c6a4d6d2e52265a6a0c4507aecbb6ec89c7972873235a:2:{i:0;s:5:\"_csrf\";i:1;s:32:\"05u-G-gqU5ch6blMEKLOFBnxg2Kg3bBJ\";}'
]

$_SERVER = [
    'USER' => 'www-data'
    'HOME' => '/var/www'
    'FCGI_ROLE' => 'RESPONDER'
    'QUERY_STRING' => 'r=site%2Flogin'
    'REQUEST_METHOD' => 'POST'
    'CONTENT_TYPE' => 'application/x-www-form-urlencoded'
    'CONTENT_LENGTH' => '208'
    'SCRIPT_FILENAME' => '/www/belk/www/basic/web/index.php'
    'SCRIPT_NAME' => '/basic/web/index.php'
    'REQUEST_URI' => '/basic/web/index.php?r=site%2Flogin'
    'DOCUMENT_URI' => '/basic/web/index.php'
    'DOCUMENT_ROOT' => '/www/belk/www'
    'SERVER_PROTOCOL' => 'HTTP/1.1'
    'GATEWAY_INTERFACE' => 'CGI/1.1'
    'SERVER_SOFTWARE' => 'nginx/1.4.6'
    'REMOTE_ADDR' => '5.19.200.233'
    'REMOTE_PORT' => '56308'
    'SERVER_ADDR' => '192.168.1.103'
    'SERVER_PORT' => '80'
    'SERVER_NAME' => 'belk.ljs.ru'
    'REDIRECT_STATUS' => '200'
    'HTTP_HOST' => 'belk.ljs.ru'
    'HTTP_CONNECTION' => 'keep-alive'
    'HTTP_CONTENT_LENGTH' => '208'
    'HTTP_CACHE_CONTROL' => 'max-age=0'
    'HTTP_ORIGIN' => 'http://belk.ljs.ru'
    'HTTP_UPGRADE_INSECURE_REQUESTS' => '1'
    'HTTP_USER_AGENT' => 'Mozilla/5.0 (Windows NT 10.0; WOW64) AppleWebKit/537.36 (KHTML, like Gecko) Chrome/54.0.2840.71 Safari/537.36'
    'HTTP_CONTENT_TYPE' => 'application/x-www-form-urlencoded'
    'HTTP_ACCEPT' => 'text/html,application/xhtml+xml,application/xml;q=0.9,image/webp,*/*;q=0.8'
    'HTTP_REFERER' => 'http://belk.ljs.ru/basic/web/index.php?r=site%2Flogin'
    'HTTP_ACCEPT_ENCODING' => 'gzip, deflate'
    'HTTP_ACCEPT_LANGUAGE' => 'ru-RU,ru;q=0.8,en-US;q=0.6,en;q=0.4'
    'HTTP_COOKIE' => '_csrf=130d0b75624043a71416c6a4d6d2e52265a6a0c4507aecbb6ec89c7972873235a%3A2%3A%7Bi%3A0%3Bs%3A5%3A%22_csrf%22%3Bi%3A1%3Bs%3A32%3A%2205u-G-gqU5ch6blMEKLOFBnxg2Kg3bBJ%22%3B%7D'
    'PHP_SELF' => '/basic/web/index.php'
    'REQUEST_TIME_FLOAT' => 1478555456.8606
    'REQUEST_TIME' => 1478555456
]
